2021/07/29 14:28:01 Registered MarkFortePC at version v1
2021/07/29 14:28:10 Recieved shutdown signal from MarkFortePC (v1)
2021/07/29 14:28:16 MarkFortePC (v1) finished shutdown - removing
2021/07/29 14:29:02 Registered MarkFortePC at version v1
2021/07/29 14:29:03 Recieved shutdown signal from MarkFortePC (v1)
2021/07/29 14:29:08 MarkFortePC (v1) finished shutdown - removing
2021/07/29 14:33:39 Registered MarkFortePC at version v1
2021/07/29 14:33:45 Recieved shutdown signal from MarkFortePC (v1)
2021/07/29 14:33:50 MarkFortePC (v1) finished shutdown - removing
2021/07/29 14:35:15 Registered MarkFortePC at version v1
2021/07/29 14:35:17 Recieved shutdown signal from MarkFortePC (v1)
2021/07/29 14:35:22 MarkFortePC (v1) finished shutdown - removing
2021/07/29 14:35:23 Recieved request from MarkFortePC but it doesnt exist in store
2021/07/29 14:35:28 Recieved request from MarkFortePC but it doesnt exist in store
2021/07/29 14:36:30 Registered MarkFortePC at version v1
2021/07/29 14:36:31 Recieved shutdown signal from MarkFortePC (v1)
2021/07/29 14:36:36 MarkFortePC (v1) finished shutdown - removing
2021/07/29 14:37:10 Registered MarkFortePC at version v1
2021/07/29 14:37:11 Recieved shutdown signal from MarkFortePC (v1)
2021/07/29 14:37:16 MarkFortePC (v1) finished shutdown - removing
2021/07/29 14:38:43 Registered MarkFortePC at version v1
2021/07/29 14:38:45 Recieved shutdown signal from MarkFortePC (v1)
2021/07/29 14:38:50 MarkFortePC (v1) finished shutdown - removing
2021/07/29 17:05:12 Registered 6cdf23ecc288 at version v1
